<?xml version="1.0" encoding="UTF-8"?>
<coverage generated="1701884304932" clover="3.2.0">
  <project timestamp="1701884304932" name="All files">
    <metrics statements="18" coveredstatements="17" conditionals="2" coveredconditionals="2" methods="13" coveredmethods="12" elements="33" coveredelements="31" complexity="0" loc="18" ncloc="18" packages="2" files="3" classes="3">
      <package name="src">
        <metrics statements="1" coveredstatements="1" conditionals="0" coveredconditionals="0" methods="1" coveredmethods="1"/>
        <file name="App.js" path="C:\Users\Rushabh Karade\Downloads\RiteshCounter\src\App.js">
          <metrics statements="1" coveredstatements="1" conditionals="0" coveredconditionals="0" methods="1" coveredmethods="1"/>
          <line num="8" count="2" type="stmt"/>
        </file>
      </package>
      <package name="src.components">
        <metrics statements="17" coveredstatements="16" conditionals="2" coveredconditionals="2" methods="12" coveredmethods="11"/>
        <file name="Counter.js" path="C:\Users\Rushabh Karade\Downloads\RiteshCounter\src\components\Counter.js">
          <metrics statements="16" coveredstatements="15" conditionals="2" coveredconditionals="2" methods="11" coveredmethods="10"/>
          <line num="8" count="13" type="stmt"/>
          <line num="10" count="12" type="stmt"/>
          <line num="18" count="4" type="stmt"/>
          <line num="20" count="4" type="stmt"/>
          <line num="21" count="4" type="stmt"/>
          <line num="30" count="4" type="stmt"/>
          <line num="34" count="3" type="stmt"/>
          <line num="35" count="3" type="cond" truecount="2" falsecount="0"/>
          <line num="36" count="1" type="stmt"/>
          <line num="38" count="2" type="stmt"/>
          <line num="51" count="0" type="stmt"/>
          <line num="55" count="2" type="stmt"/>
          <line num="56" count="2" type="stmt"/>
          <line num="62" count="20" type="stmt"/>
          <line num="63" count="12" type="stmt"/>
          <line num="68" count="20" type="stmt"/>
        </file>
        <file name="Home.js" path="C:\Users\Rushabh Karade\Downloads\RiteshCounter\src\components\Home.js">
          <metrics statements="1" coveredstatements="1" conditionals="0" coveredconditionals="0" methods="1" coveredmethods="1"/>
          <line num="5" count="1" type="stmt"/>
        </file>
      </package>
    </metrics>
  </project>
</coverage>
