{"C:\\Users\\Rushabh Karade\\Downloads\\RiteshCounter\\src\\App.js": {"path":"C:\\Users\\Rushabh Karade\\Downloads\\RiteshCounter\\src\\App.js","statementMap":{"0":{"start":{"line":8,"column":2},"end":{"line":17,"column":4}}},"fnMap":{"0":{"name":"App","decl":{"start":{"line":7,"column":9},"end":{"line":7,"column":12}},"loc":{"start":{"line":7,"column":15},"end":{"line":18,"column":1}},"line":7}},"branchMap":{},"s":{"0":2},"f":{"0":2},"b":{},"_coverageSchema":"332fd63041d2c1bcb487cc26dd0d5f7d97098a6c","hash":"62a836d4f76a67d21c2008b47055c0db43eff32a"}
,"C:\\Users\\Rushabh Karade\\Downloads\\RiteshCounter\\src\\components\\Counter.js": {"path":"C:\\Users\\Rushabh Karade\\Downloads\\RiteshCounter\\src\\components\\Counter.js","statementMap":{"0":{"start":{"line":8,"column":4},"end":{"line":8,"column":17}},"1":{"start":{"line":10,"column":4},"end":{"line":14,"column":6}},"2":{"start":{"line":18,"column":4},"end":{"line":18,"column":38}},"3":{"start":{"line":20,"column":4},"end":{"line":20,"column":52}},"4":{"start":{"line":21,"column":4},"end":{"line":29,"column":8}},"5":{"start":{"line":21,"column":40},"end":{"line":29,"column":5}},"6":{"start":{"line":30,"column":4},"end":{"line":30,"column":52}},"7":{"start":{"line":34,"column":4},"end":{"line":34,"column":38}},"8":{"start":{"line":35,"column":4},"end":{"line":47,"column":5}},"9":{"start":{"line":36,"column":6},"end":{"line":36,"column":42}},"10":{"start":{"line":38,"column":6},"end":{"line":46,"column":10}},"11":{"start":{"line":38,"column":42},"end":{"line":46,"column":7}},"12":{"start":{"line":51,"column":4},"end":{"line":51,"column":61}},"13":{"start":{"line":55,"column":4},"end":{"line":55,"column":73}},"14":{"start":{"line":55,"column":34},"end":{"line":55,"column":70}},"15":{"start":{"line":56,"column":4},"end":{"line":58,"column":8}},"16":{"start":{"line":56,"column":25},"end":{"line":58,"column":5}},"17":{"start":{"line":62,"column":26},"end":{"line":66,"column":6}},"18":{"start":{"line":63,"column":6},"end":{"line":65,"column":12}},"19":{"start":{"line":68,"column":4},"end":{"line":101,"column":6}}},"fnMap":{"0":{"name":"(anonymous_0)","decl":{"start":{"line":7,"column":2},"end":{"line":7,"column":3}},"loc":{"start":{"line":7,"column":21},"end":{"line":15,"column":3}},"line":7},"1":{"name":"(anonymous_1)","decl":{"start":{"line":17,"column":20},"end":{"line":17,"column":21}},"loc":{"start":{"line":17,"column":32},"end":{"line":31,"column":3}},"line":17},"2":{"name":"(anonymous_2)","decl":{"start":{"line":21,"column":24},"end":{"line":21,"column":25}},"loc":{"start":{"line":21,"column":40},"end":{"line":29,"column":5}},"line":21},"3":{"name":"(anonymous_3)","decl":{"start":{"line":33,"column":20},"end":{"line":33,"column":21}},"loc":{"start":{"line":33,"column":32},"end":{"line":48,"column":3}},"line":33},"4":{"name":"(anonymous_4)","decl":{"start":{"line":38,"column":26},"end":{"line":38,"column":27}},"loc":{"start":{"line":38,"column":42},"end":{"line":46,"column":7}},"line":38},"5":{"name":"(anonymous_5)","decl":{"start":{"line":50,"column":22},"end":{"line":50,"column":23}},"loc":{"start":{"line":50,"column":29},"end":{"line":52,"column":3}},"line":50},"6":{"name":"(anonymous_6)","decl":{"start":{"line":54,"column":16},"end":{"line":54,"column":17}},"loc":{"start":{"line":54,"column":22},"end":{"line":59,"column":3}},"line":54},"7":{"name":"(anonymous_7)","decl":{"start":{"line":55,"column":18},"end":{"line":55,"column":19}},"loc":{"start":{"line":55,"column":34},"end":{"line":55,"column":70}},"line":55},"8":{"name":"(anonymous_8)","decl":{"start":{"line":56,"column":18},"end":{"line":56,"column":19}},"loc":{"start":{"line":56,"column":25},"end":{"line":58,"column":5}},"line":56},"9":{"name":"(anonymous_9)","decl":{"start":{"line":61,"column":2},"end":{"line":61,"column":3}},"loc":{"start":{"line":61,"column":11},"end":{"line":102,"column":3}},"line":61},"10":{"name":"(anonymous_10)","decl":{"start":{"line":62,"column":49},"end":{"line":62,"column":50}},"loc":{"start":{"line":63,"column":6},"end":{"line":65,"column":12}},"line":63}},"branchMap":{"0":{"loc":{"start":{"line":35,"column":4},"end":{"line":47,"column":5}},"type":"if","locations":[{"start":{"line":35,"column":4},"end":{"line":47,"column":5}},{"start":{"line":35,"column":4},"end":{"line":47,"column":5}}],"line":35}},"s":{"0":13,"1":12,"2":4,"3":4,"4":4,"5":4,"6":4,"7":3,"8":3,"9":1,"10":2,"11":2,"12":0,"13":2,"14":2,"15":2,"16":2,"17":20,"18":12,"19":20},"f":{"0":13,"1":4,"2":4,"3":3,"4":2,"5":0,"6":2,"7":2,"8":2,"9":20,"10":12},"b":{"0":[1,2]},"_coverageSchema":"332fd63041d2c1bcb487cc26dd0d5f7d97098a6c","hash":"c1ac88d62733f084b8e315e9d5aaac825827a424"}
,"C:\\Users\\Rushabh Karade\\Downloads\\RiteshCounter\\src\\components\\Home.js": {"path":"C:\\Users\\Rushabh Karade\\Downloads\\RiteshCounter\\src\\components\\Home.js","statementMap":{"0":{"start":{"line":5,"column":2},"end":{"line":9,"column":4}}},"fnMap":{"0":{"name":"Home","decl":{"start":{"line":4,"column":9},"end":{"line":4,"column":13}},"loc":{"start":{"line":4,"column":16},"end":{"line":10,"column":1}},"line":4}},"branchMap":{},"s":{"0":1},"f":{"0":1},"b":{},"_coverageSchema":"332fd63041d2c1bcb487cc26dd0d5f7d97098a6c","hash":"5f7e25535d6a54bd48189eb57136c79e2816bf42"}
}
