TN:
SF:C:\Users\Rushabh Karade\Downloads\RiteshCounter\src\App.js
FN:7,App
FNF:1
FNH:1
FNDA:2,App
DA:8,2
LF:1
LH:1
BRF:0
BRH:0
end_of_record
TN:
SF:C:\Users\Rushabh Karade\Downloads\RiteshCounter\src\components\Counter.js
FN:7,(anonymous_0)
FN:17,(anonymous_1)
FN:21,(anonymous_2)
FN:33,(anonymous_3)
FN:38,(anonymous_4)
FN:50,(anonymous_5)
FN:54,(anonymous_6)
FN:55,(anonymous_7)
FN:56,(anonymous_8)
FN:61,(anonymous_9)
FN:62,(anonymous_10)
FNF:11
FNH:10
FNDA:13,(anonymous_0)
FNDA:4,(anonymous_1)
FNDA:4,(anonymous_2)
FNDA:3,(anonymous_3)
FNDA:2,(anonymous_4)
FNDA:0,(anonymous_5)
FNDA:2,(anonymous_6)
FNDA:2,(anonymous_7)
FNDA:2,(anonymous_8)
FNDA:20,(anonymous_9)
FNDA:12,(anonymous_10)
DA:8,13
DA:10,12
DA:18,4
DA:20,4
DA:21,4
DA:30,4
DA:34,3
DA:35,3
DA:36,1
DA:38,2
DA:51,0
DA:55,2
DA:56,2
DA:62,20
DA:63,12
DA:68,20
LF:16
LH:15
BRDA:35,0,0,1
BRDA:35,0,1,2
BRF:2
BRH:2
end_of_record
TN:
SF:C:\Users\Rushabh Karade\Downloads\RiteshCounter\src\components\Home.js
FN:4,Home
FNF:1
FNH:1
FNDA:1,Home
DA:5,1
LF:1
LH:1
BRF:0
BRH:0
end_of_record
